<?xml version="1.0" encoding="UTF-8"?>
<testng-results ignored="0" total="2" passed="2" failed="0" skipped="0">
  <reporter-output>
  </reporter-output>
  <suite started-at="2021-09-21T13:03:51 IST" name="Suite" finished-at="2021-09-21T13:05:50 IST" duration-ms="118681">
    <groups>
      <group name="smoke">
        <method signature="EndToEndTest.Notificationsui()[pri:1, instance:com.Settingsnotification.End.EndToEndTest@35aea049]" name="Notificationsui" class="com.Settingsnotification.End.EndToEndTest"/>
        <method signature="EndToEndTest.login()[pri:0, instance:com.Settingsnotification.End.EndToEndTest@35aea049]" name="login" class="com.Settingsnotification.End.EndToEndTest"/>
      </group> <!-- smoke -->
    </groups>
    <test started-at="2021-09-21T13:03:51 IST" name="Test" finished-at="2021-09-21T13:05:50 IST" duration-ms="118681">
      <class name="com.Settingsnotification.End.EndToEndTest">
        <test-method is-config="true" signature="intibase()[pri:0, instance:com.Settingsnotification.End.EndToEndTest@35aea049]" started-at="2021-09-21T13:03:51 IST" name="intibase" finished-at="2021-09-21T13:04:00 IST" duration-ms="8738" status="PASS">
          <reporter-output>
          </reporter-output>
        </test-method> <!-- intibase -->
        <test-method signature="login()[pri:0, instance:com.Settingsnotification.End.EndToEndTest@35aea049]" started-at="2021-09-21T13:04:00 IST" name="login" finished-at="2021-09-21T13:04:01 IST" duration-ms="309" status="PASS">
          <reporter-output>
          </reporter-output>
        </test-method> <!-- login -->
        <test-method signature="Notificationsui()[pri:1, instance:com.Settingsnotification.End.EndToEndTest@35aea049]" started-at="2021-09-21T13:04:01 IST" name="Notificationsui" finished-at="2021-09-21T13:05:50 IST" duration-ms="109577" status="PASS">
          <reporter-output>
          </reporter-output>
        </test-method> <!-- Notificationsui -->
      </class> <!-- com.Settingsnotification.End.EndToEndTest -->
    </test> <!-- Test -->
  </suite> <!-- Suite -->
</testng-results>
