<?xml version="1.0" encoding="UTF-8"?>
<!-- Generated by org.testng.reporters.JUnitXMLReporter -->
<testsuite ignored="0" hostname="LAPTOP-VL28O11O" failures="0" tests="2" name="Default test" time="66.342" errors="0" timestamp="2021-09-20T15:21:23 IST">
  <testcase classname="com.settingsknowledgebase.base.endtoendtest.EndToEndTest" name="login" time="0.515"/>
  <testcase classname="com.settingsknowledgebase.base.endtoendtest.EndToEndTest" name="KnowLedgeBase" time="49.669"/>
</testsuite> <!-- Default test -->
