<?xml version="1.0" encoding="UTF-8"?>
<!-- Generated by org.testng.reporters.JUnitXMLReporter -->
<testsuite ignored="0" hostname="LAPTOP-VL28O11O" failures="0" tests="3" name="Test" time="142.649" errors="0" timestamp="2021-09-20T17:01:36 IST">
  <testcase classname="com.settingsknowledgebase.base.endtoendtest.EndToEndTest" name="login" time="0.445"/>
  <testcase classname="com.settingsknowledgebase.base.endtoendtest.EndToEndTest" name="ManageCategoryLoc" time="57.457"/>
  <testcase classname="com.settingsknowledgebase.base.endtoendtest.EndToEndTest" name="KnowLedgeBase" time="65.003"/>
</testsuite> <!-- Test -->
