<?xml version="1.0" encoding="UTF-8"?>
<testng-results ignored="0" total="2" passed="2" failed="0" skipped="0">
  <reporter-output>
  </reporter-output>
  <suite started-at="2021-09-20T14:53:35 IST" name="Suite" finished-at="2021-09-20T14:55:22 IST" duration-ms="107004">
    <groups>
      <group name="smoke">
        <method signature="EndToEndTest.FeeWaiverui()[pri:1, instance:com.settingsnwupdates.End.EndToEndTest@35aea049]" name="FeeWaiverui" class="com.settingsnwupdates.End.EndToEndTest"/>
        <method signature="EndToEndTest.login()[pri:0, instance:com.settingsnwupdates.End.EndToEndTest@35aea049]" name="login" class="com.settingsnwupdates.End.EndToEndTest"/>
      </group> <!-- smoke -->
    </groups>
    <test started-at="2021-09-20T14:53:35 IST" name="Test" finished-at="2021-09-20T14:55:22 IST" duration-ms="107004">
      <class name="com.settingsnwupdates.End.EndToEndTest">
        <test-method is-config="true" signature="intibase()[pri:0, instance:com.settingsnwupdates.End.EndToEndTest@35aea049]" started-at="2021-09-20T14:53:35 IST" name="intibase" finished-at="2021-09-20T14:53:59 IST" duration-ms="23745" status="PASS">
          <reporter-output>
          </reporter-output>
        </test-method> <!-- intibase -->
        <test-method signature="login()[pri:0, instance:com.settingsnwupdates.End.EndToEndTest@35aea049]" started-at="2021-09-20T14:53:59 IST" name="login" finished-at="2021-09-20T14:54:00 IST" duration-ms="326" status="PASS">
          <reporter-output>
          </reporter-output>
        </test-method> <!-- login -->
        <test-method signature="FeeWaiverui()[pri:1, instance:com.settingsnwupdates.End.EndToEndTest@35aea049]" started-at="2021-09-20T14:54:00 IST" name="FeeWaiverui" finished-at="2021-09-20T14:55:22 IST" duration-ms="82869" status="PASS">
          <reporter-output>
          </reporter-output>
        </test-method> <!-- FeeWaiverui -->
      </class> <!-- com.settingsnwupdates.End.EndToEndTest -->
    </test> <!-- Test -->
  </suite> <!-- Suite -->
</testng-results>
