<?xml version="1.0" encoding="UTF-8"?>
<testng-results ignored="0" total="2" passed="2" failed="0" skipped="0">
  <reporter-output>
  </reporter-output>
  <suite started-at="2021-09-23T17:35:34 IST" name="Default suite" finished-at="2021-09-23T17:37:02 IST" duration-ms="88201">
    <groups>
      <group name="sanity">
        <method signature="EndToEnd.All()[pri:1, instance:com.Settingsforms.End.EndToEnd@3232a28a]" name="All" class="com.Settingsforms.End.EndToEnd"/>
        <method signature="EndToEnd.log()[pri:0, instance:com.Settingsforms.End.EndToEnd@3232a28a]" name="log" class="com.Settingsforms.End.EndToEnd"/>
      </group> <!-- sanity -->
    </groups>
    <test started-at="2021-09-23T17:35:34 IST" name="Default test" finished-at="2021-09-23T17:37:02 IST" duration-ms="88201">
      <class name="com.Settingsforms.End.EndToEnd">
        <test-method is-config="true" signature="intibase()[pri:0, instance:com.Settingsforms.End.EndToEnd@3232a28a]" started-at="2021-09-23T17:35:34 IST" name="intibase" finished-at="2021-09-23T17:35:42 IST" duration-ms="8078" status="PASS">
          <reporter-output>
          </reporter-output>
        </test-method> <!-- intibase -->
        <test-method signature="log()[pri:0, instance:com.Settingsforms.End.EndToEnd@3232a28a]" started-at="2021-09-23T17:35:42 IST" name="log" finished-at="2021-09-23T17:35:43 IST" duration-ms="271" status="PASS">
          <reporter-output>
          </reporter-output>
        </test-method> <!-- log -->
        <test-method signature="All()[pri:1, instance:com.Settingsforms.End.EndToEnd@3232a28a]" started-at="2021-09-23T17:35:43 IST" name="All" finished-at="2021-09-23T17:37:02 IST" duration-ms="79795" status="PASS">
          <reporter-output>
          </reporter-output>
        </test-method> <!-- All -->
      </class> <!-- com.Settingsforms.End.EndToEnd -->
    </test> <!-- Default test -->
  </suite> <!-- Default suite -->
</testng-results>
