<?xml version="1.0" encoding="UTF-8"?>
<testng-results ignored="0" total="2" passed="2" failed="0" skipped="0">
  <reporter-output>
  </reporter-output>
  <suite started-at="2021-09-21T15:09:27 IST" name="Default suite" finished-at="2021-09-21T15:10:48 IST" duration-ms="80423">
    <groups>
      <group name="smoke">
        <method signature="EndToEndTest.NewUpdatsui()[pri:1, instance:com.settingsaetrieveapplication.End.EndToEndTest@3232a28a]" name="NewUpdatsui" class="com.settingsaetrieveapplication.End.EndToEndTest"/>
        <method signature="EndToEndTest.login()[pri:0, instance:com.settingsaetrieveapplication.End.EndToEndTest@3232a28a]" name="login" class="com.settingsaetrieveapplication.End.EndToEndTest"/>
      </group> <!-- smoke -->
    </groups>
    <test started-at="2021-09-21T15:09:27 IST" name="Default test" finished-at="2021-09-21T15:10:48 IST" duration-ms="80423">
      <class name="com.settingsaetrieveapplication.End.EndToEndTest">
        <test-method is-config="true" signature="intibase()[pri:0, instance:com.settingsaetrieveapplication.End.EndToEndTest@3232a28a]" started-at="2021-09-21T15:09:27 IST" name="intibase" finished-at="2021-09-21T15:09:36 IST" duration-ms="9067" status="PASS">
          <reporter-output>
          </reporter-output>
        </test-method> <!-- intibase -->
        <test-method signature="login()[pri:0, instance:com.settingsaetrieveapplication.End.EndToEndTest@3232a28a]" started-at="2021-09-21T15:09:36 IST" name="login" finished-at="2021-09-21T15:09:37 IST" duration-ms="220" status="PASS">
          <reporter-output>
          </reporter-output>
        </test-method> <!-- login -->
        <test-method signature="NewUpdatsui()[pri:1, instance:com.settingsaetrieveapplication.End.EndToEndTest@3232a28a]" started-at="2021-09-21T15:09:37 IST" name="NewUpdatsui" finished-at="2021-09-21T15:10:48 IST" duration-ms="71107" status="PASS">
          <reporter-output>
          </reporter-output>
        </test-method> <!-- NewUpdatsui -->
      </class> <!-- com.settingsaetrieveapplication.End.EndToEndTest -->
    </test> <!-- Default test -->
  </suite> <!-- Default suite -->
</testng-results>
